<?xml version="1.0" encoding="UTF-8"?>
<testsuites name="test listener1" time="54" tests="3" failures="0" errors="1">
   <testsuite name="test listener1" tests="3" failures="0" errors="1" time="54" timestamp="2018-11-28 22:33:28" hostname="JHONNY - DESKTOP-DDA4APG" id="Test Suites/test listener1">
      <properties>
         <property name="deviceName" value=""/>
         <property name="devicePlatform" value=""/>
         <property name="logFolder" value="D:\\Katalon Project\\DailyTest\\Reports\\test listener1\\20181128_223326"/>
         <property name="logFiles" value="D:\\Katalon Project\\DailyTest\\Reports\\test listener1\\20181128_223326\\execution0.log"/>
         <property name="attachments" value=""/>
         <property name="hostName" value="JHONNY - DESKTOP-DDA4APG"/>
         <property name="os" value="Windows 10 64bit"/>
         <property name="katalonVersion" value="5.6.0.1"/>
         <property name="browser" value="Chrome 68.0.3440.106"/>
         <property name="hostAddress" value="192.168.101.9"/>
         <property name="sessionId" value="af31bbc283d2de77067bafd24a4a2e12"/>
         <property name="seleniumVersion" value="3.7.1"/>
         <property name="proxyInformation" value="ProxyInformation{proxyOption=NO_PROXY, proxyServerType=HTTP, password=, proxyServerAddress=, proxyServerPort=0}"/>
         <property name="platform" value="Windows 10"/>
      </properties>
      <testcase name="Test Cases/For" classname="Test Cases/For" status="ERROR">
         <error type="ERROR" message="Test Cases/For FAILED because (of) groovy.lang.MissingMethodException: No signature of method: static com.kms.katalon.core.webui.keyword.WebUiBuiltInKeywords.setText() is applicable for argument types: (null, java.lang.Integer) values: [null, 1]
Possible solutions: setText(com.kms.katalon.core.testobject.TestObject, java.lang.String), getText(com.kms.katalon.core.testobject.TestObject), getText(com.kms.katalon.core.testobject.TestObject, com.kms.katalon.core.model.FailureHandling), setText(com.kms.katalon.core.testobject.TestObject, java.lang.String, com.kms.katalon.core.model.FailureHandling)"/>
         <system-out><![CDATA[2018-11-28 22:33:29 - [TEST_CASE][ERROR] - Test Cases/For: Test Cases/For FAILED because (of) groovy.lang.MissingMethodException: No signature of method: static com.kms.katalon.core.webui.keyword.WebUiBuiltInKeywords.setText() is applicable for argument types: (null, java.lang.Integer) values: [null, 1]
Possible solutions: setText(com.kms.katalon.core.testobject.TestObject, java.lang.String), getText(com.kms.katalon.core.testobject.TestObject), getText(com.kms.katalon.core.testobject.TestObject, com.kms.katalon.core.model.FailureHandling), setText(com.kms.katalon.core.testobject.TestObject, java.lang.String, com.kms.katalon.core.model.FailureHandling)

2018-11-28 22:33:29 - [TEST_STEP][PASSED] - Start listener action : sampleAfterTestCase: Invoke 'com.kms.katalon.core.annotation.BeforeTestCase' method: 'NewTestListener_2.sampleAfterTestCase(...)' completed.

2018-11-28 22:33:29 - [TEST_STEP][PASSED] - Statement - (internal.GlobalVariable.abc++): null

2018-11-28 22:33:29 - [TEST_STEP][PASSED] - Statement - println(abc): Invoke 'com.kms.katalon.core.annotation.BeforeTestCase' method: 'NewTestListener_2.sampleAfterTestCase(...)' completed.

2018-11-28 22:33:30 - [TEST_STEP][PASSED] - Statement - a = 1: null

2018-11-28 22:33:30 - [TEST_STEP][PASSED] - Statement - b = 2: null

2018-11-28 22:33:30 - [TEST_STEP][PASSED] - Statement - c = 2: null

2018-11-28 22:33:30 - [TEST_STEP][PASSED] - openBrowser: Browser is opened with url: 'http://www.51zxw.net/login/'

2018-11-28 22:33:38 - [MESSAGE][PASSED] - Browser is opened with url: 'http://www.51zxw.net/login/'

2018-11-28 22:33:38 - [TEST_STEP][PASSED] - waitForPageLoad: Wait for page load successfully

2018-11-28 22:33:38 - [MESSAGE][PASSED] - Wait for page load successfully

2018-11-28 22:33:38 - [TEST_STEP][PASSED] - Statement - For ([i = 0, i < 2, (i++)]): null

2018-11-28 22:33:38 - [TEST_STEP][PASSED] - click: Object: 'Object Repository/Cookie testing/From data' is clicked on

2018-11-28 22:33:39 - [MESSAGE][PASSED] - Object: 'Object Repository/Cookie testing/From data' is clicked on

2018-11-28 22:33:39 - [TEST_STEP][PASSED] - setText: Text 'johntestzhang@yeah.net' is set on object 'Object Repository/Cookie testing/From data'

2018-11-28 22:33:40 - [MESSAGE][PASSED] - Text 'johntestzhang@yeah.net' is set on object 'Object Repository/Cookie testing/From data'

2018-11-28 22:33:40 - [TEST_STEP][PASSED] - Statement - (c++): null

2018-11-28 22:33:40 - [TEST_STEP][PASSED] - click: Object: 'Object Repository/Cookie testing/From data' is clicked on

2018-11-28 22:33:40 - [MESSAGE][PASSED] - Object: 'Object Repository/Cookie testing/From data' is clicked on

2018-11-28 22:33:40 - [TEST_STEP][PASSED] - setText: Text '521jobZQ' is set on object 'Object Repository/Cookie testing/From data'

2018-11-28 22:33:40 - [MESSAGE][PASSED] - Text '521jobZQ' is set on object 'Object Repository/Cookie testing/From data'

2018-11-28 22:33:40 - [TEST_STEP][PASSED] - Statement - (c++): null

2018-11-28 22:33:40 - [TEST_STEP][PASSED] - click: Object: 'Object Repository/Cookie testing/login button' is clicked on

2018-11-28 22:33:40 - [MESSAGE][PASSED] - Object: 'Object Repository/Cookie testing/login button' is clicked on

2018-11-28 22:33:40 - [TEST_STEP][PASSED] - setText: Test object id is null

2018-11-28 22:33:40 - [MESSAGE][WARNING] - Test object id is null

2018-11-28 22:33:40 - [TEST_STEP][PASSED] - Start listener action : sampleAfterTestCase: Invoke 'com.kms.katalon.core.annotation.AfterTestCase' method: 'NewTestListener_3.sampleAfterTestCase(...)' completed.

2018-11-28 22:33:40 - [TEST_STEP][PASSED] - Statement - If (false): Invoke 'com.kms.katalon.core.annotation.AfterTestCase' method: 'NewTestListener_3.sampleAfterTestCase(...)' completed.]]></system-out>
         <system-err><![CDATA[2018-11-28 22:33:29 - [TEST_CASE][ERROR] - Test Cases/For: Test Cases/For FAILED because (of) groovy.lang.MissingMethodException: No signature of method: static com.kms.katalon.core.webui.keyword.WebUiBuiltInKeywords.setText() is applicable for argument types: (null, java.lang.Integer) values: [null, 1]
Possible solutions: setText(com.kms.katalon.core.testobject.TestObject, java.lang.String), getText(com.kms.katalon.core.testobject.TestObject), getText(com.kms.katalon.core.testobject.TestObject, com.kms.katalon.core.model.FailureHandling), setText(com.kms.katalon.core.testobject.TestObject, java.lang.String, com.kms.katalon.core.model.FailureHandling)]]></system-err>
      </testcase>
      <testcase name="Test Cases/Get browser cookie" classname="Test Cases/Get browser cookie" status="PASSED">
         <system-out><![CDATA[2018-11-28 22:33:40 - [TEST_CASE][PASSED] - Test Cases/Get browser cookie: Test Cases/Get browser cookie

2018-11-28 22:33:41 - [TEST_STEP][PASSED] - Start listener action : sampleAfterTestCase: Invoke 'com.kms.katalon.core.annotation.BeforeTestCase' method: 'NewTestListener_2.sampleAfterTestCase(...)' completed.

2018-11-28 22:33:41 - [TEST_STEP][PASSED] - Statement - (internal.GlobalVariable.abc++): null

2018-11-28 22:33:41 - [TEST_STEP][PASSED] - Statement - println(abc): Invoke 'com.kms.katalon.core.annotation.BeforeTestCase' method: 'NewTestListener_2.sampleAfterTestCase(...)' completed.

2018-11-28 22:33:41 - [TEST_STEP][PASSED] - openBrowser: Browser is opened with url: 'http://www.51zxw.net/login/'

2018-11-28 22:33:41 - [MESSAGE][WARNING] - A browser is already opened. Closing browser and opening a new one

2018-11-28 22:33:48 - [MESSAGE][PASSED] - Browser is opened with url: 'http://www.51zxw.net/login/'

2018-11-28 22:33:48 - [TEST_STEP][PASSED] - closeBrowser: Browser is closed

2018-11-28 22:33:48 - [MESSAGE][PASSED] - Browser is closed

2018-11-28 22:33:48 - [TEST_STEP][PASSED] - Start listener action : sampleAfterTestCase: Invoke 'com.kms.katalon.core.annotation.AfterTestCase' method: 'NewTestListener_3.sampleAfterTestCase(...)' completed.

2018-11-28 22:33:48 - [TEST_STEP][PASSED] - Statement - If (false): Invoke 'com.kms.katalon.core.annotation.AfterTestCase' method: 'NewTestListener_3.sampleAfterTestCase(...)' completed.]]></system-out>
         <system-err><![CDATA[]]></system-err>
      </testcase>
      <testcase name="Test Cases/Open a new Tab in chrome" classname="Test Cases/Open a new Tab in chrome" status="PASSED">
         <system-out><![CDATA[2018-11-28 22:33:48 - [TEST_CASE][PASSED] - Test Cases/Open a new Tab in chrome: Test Cases/Open a new Tab in chrome

2018-11-28 22:33:48 - [TEST_STEP][PASSED] - Start listener action : sampleAfterTestCase: Invoke 'com.kms.katalon.core.annotation.BeforeTestCase' method: 'NewTestListener_2.sampleAfterTestCase(...)' completed.

2018-11-28 22:33:48 - [TEST_STEP][PASSED] - Statement - (internal.GlobalVariable.abc++): null

2018-11-28 22:33:48 - [TEST_STEP][PASSED] - Statement - println(abc): Invoke 'com.kms.katalon.core.annotation.BeforeTestCase' method: 'NewTestListener_2.sampleAfterTestCase(...)' completed.

2018-11-28 22:33:49 - [TEST_STEP][PASSED] - openBrowser: Browser is opened with url: 'www.google.com'

2018-11-28 22:34:13 - [MESSAGE][PASSED] - Browser is opened with url: 'www.google.com'

2018-11-28 22:34:13 - [TEST_STEP][PASSED] - Statement - robot = new java.awt.Robot(): null

2018-11-28 22:34:13 - [TEST_STEP][PASSED] - Statement - robot.keyPress(VK_CONTROL): null

2018-11-28 22:34:13 - [TEST_STEP][PASSED] - Statement - robot.keyPress(VK_T): null

2018-11-28 22:34:13 - [TEST_STEP][PASSED] - Statement - robot.keyRelease(VK_CONTROL): null

2018-11-28 22:34:13 - [TEST_STEP][PASSED] - Statement - robot.keyRelease(VK_T): null

2018-11-28 22:34:13 - [TEST_STEP][PASSED] - Start listener action : sampleAfterTestCase: Invoke 'com.kms.katalon.core.annotation.AfterTestCase' method: 'NewTestListener_3.sampleAfterTestCase(...)' completed.

2018-11-28 22:34:13 - [TEST_STEP][PASSED] - Statement - If (false): Invoke 'com.kms.katalon.core.annotation.AfterTestCase' method: 'NewTestListener_3.sampleAfterTestCase(...)' completed.]]></system-out>
         <system-err><![CDATA[]]></system-err>
      </testcase>
      <testcase name="Test Cases/Switch to new windos index" classname="Test Cases/Switch to new windos index" status="PASSED">
         <system-out><![CDATA[2018-11-28 22:34:13 - [TEST_CASE][PASSED] - Test Cases/Switch to new windos index: Test Cases/Switch to new windos index

2018-11-28 22:34:13 - [TEST_STEP][PASSED] - Start listener action : sampleAfterTestCase: Invoke 'com.kms.katalon.core.annotation.BeforeTestCase' method: 'NewTestListener_2.sampleAfterTestCase(...)' completed.

2018-11-28 22:34:13 - [TEST_STEP][PASSED] - Statement - (internal.GlobalVariable.abc++): null

2018-11-28 22:34:13 - [TEST_STEP][PASSED] - Statement - println(abc): Invoke 'com.kms.katalon.core.annotation.BeforeTestCase' method: 'NewTestListener_2.sampleAfterTestCase(...)' completed.

2018-11-28 22:34:13 - [TEST_STEP][PASSED] - Statement - a = <not implemented yet for class: org.codehaus.groovy.ast.expr.EmptyExpression>: null

2018-11-28 22:34:13 - [TEST_STEP][PASSED] - openBrowser: Browser is opened with url: ''

2018-11-28 22:34:13 - [MESSAGE][WARNING] - A browser is already opened. Closing browser and opening a new one

2018-11-28 22:34:17 - [MESSAGE][PASSED] - Browser is opened with url: ''

2018-11-28 22:34:17 - [TEST_STEP][PASSED] - navigateToUrl: Navigate to 'http://www.w3school.com.cn/js/js_comments.asp' successfully

2018-11-28 22:34:22 - [MESSAGE][PASSED] - Navigate to 'http://www.w3school.com.cn/js/js_comments.asp' successfully

2018-11-28 22:34:22 - [TEST_STEP][PASSED] - mouseOver: Object: 'Object Repository/SwitchToNewWindosIndex/Page_JavaScript/TryItButton' is hovered

2018-11-28 22:34:22 - [MESSAGE][PASSED] - Object: 'Object Repository/SwitchToNewWindosIndex/Page_JavaScript/TryItButton' is hovered

2018-11-28 22:34:22 - [TEST_STEP][NOT_RUN] - click: NOT_RUN: click

2018-11-28 22:34:22 - [MESSAGE][NOT_RUN] - NOT_RUN: click

2018-11-28 22:34:22 - [TEST_STEP][PASSED] - Statement - a = com.kms.katalon.core.webui.keyword.WebUiBuiltInKeywords.getText(com.kms.katalon.core.testobject.ObjectRepository.findTestObject(SwitchToNewWindosIndex/Page_JavaScript/TryItButton), OPTIONAL): Text of object 'Object Repository/SwitchToNewWindosIndex/Page_JavaScript/TryItButton' is: '亲自试一试'

2018-11-28 22:34:22 - [MESSAGE][PASSED] - Text of object 'Object Repository/SwitchToNewWindosIndex/Page_JavaScript/TryItButton' is: '亲自试一试'

2018-11-28 22:34:22 - [TEST_STEP][PASSED] - Statement - println(a): null

2018-11-28 22:34:22 - [TEST_STEP][PASSED] - Statement - robot = new java.awt.Robot(): null

2018-11-28 22:34:22 - [TEST_STEP][PASSED] - Statement - robot.keyPress(VK_CONTROL): null

2018-11-28 22:34:22 - [TEST_STEP][PASSED] - Statement - robot.keyPress(VK_T): null

2018-11-28 22:34:22 - [TEST_STEP][PASSED] - Statement - robot.keyRelease(VK_CONTROL): null

2018-11-28 22:34:22 - [TEST_STEP][PASSED] - Statement - robot.keyRelease(VK_T): null

2018-11-28 22:34:22 - [TEST_STEP][PASSED] - switchToWindowIndex: Switched to window with index: '1'

2018-11-28 22:34:22 - [MESSAGE][PASSED] - Switched to window with index: '1'

2018-11-28 22:34:22 - [TEST_STEP][PASSED] - closeBrowser: Browser is closed

2018-11-28 22:34:23 - [MESSAGE][PASSED] - Browser is closed

2018-11-28 22:34:23 - [TEST_STEP][PASSED] - Start listener action : sampleAfterTestCase: Invoke 'com.kms.katalon.core.annotation.AfterTestCase' method: 'NewTestListener_3.sampleAfterTestCase(...)' completed.

2018-11-28 22:34:23 - [TEST_STEP][PASSED] - Statement - If (false): Invoke 'com.kms.katalon.core.annotation.AfterTestCase' method: 'NewTestListener_3.sampleAfterTestCase(...)' completed.]]></system-out>
         <system-err><![CDATA[]]></system-err>
      </testcase>
      <system-out><![CDATA[2018-11-28 22:33:28 - [TEST_SUITE][ERROR] - test listener1: Test Cases/For FAILED because (of) groovy.lang.MissingMethodException: No signature of method: static com.kms.katalon.core.webui.keyword.WebUiBuiltInKeywords.setText() is applicable for argument types: (null, java.lang.Integer) values: [null, 1]
Possible solutions: setText(com.kms.katalon.core.testobject.TestObject, java.lang.String), getText(com.kms.katalon.core.testobject.TestObject), getText(com.kms.katalon.core.testobject.TestObject, com.kms.katalon.core.model.FailureHandling), setText(com.kms.katalon.core.testobject.TestObject, java.lang.String, com.kms.katalon.core.model.FailureHandling)]]></system-out>
      <system-err><![CDATA[2018-11-28 22:33:28 - [TEST_SUITE][ERROR] - test listener1: Test Cases/For FAILED because (of) groovy.lang.MissingMethodException: No signature of method: static com.kms.katalon.core.webui.keyword.WebUiBuiltInKeywords.setText() is applicable for argument types: (null, java.lang.Integer) values: [null, 1]
Possible solutions: setText(com.kms.katalon.core.testobject.TestObject, java.lang.String), getText(com.kms.katalon.core.testobject.TestObject), getText(com.kms.katalon.core.testobject.TestObject, com.kms.katalon.core.model.FailureHandling), setText(com.kms.katalon.core.testobject.TestObject, java.lang.String, com.kms.katalon.core.model.FailureHandling)]]></system-err>
   </testsuite>
</testsuites>
